<?xml version="1.0" encoding="UTF-8"?>
<!-- Generated by org.testng.reporters.JUnitReportReporter -->
<testsuite skipped="0" hostname="DESKTOP-5V9BS6T" name="com.WMC.TASKtestcases.DeleteTask" tests="1" failures="0" timestamp="2023-02-22T15:53:01 BDT" time="20.386" errors="0">
  <testcase name="TaskDelete" time="20.386" classname="com.WMC.TASKtestcases.DeleteTask"/>
  <system-out/>
</testsuite> <!-- com.WMC.TASKtestcases.DeleteTask -->
