<?xml version="1.0" encoding="UTF-8"?>
<!-- Generated by org.testng.reporters.JUnitReportReporter -->
<testsuite hostname="DESKTOP-5V9BS6T" failures="0" tests="1" name="com.WMC.login.LoginTest" time="94.030" errors="0" timestamp="2023-03-26T15:44:41 BDT" skipped="0">
  <testcase classname="com.WMC.login.LoginTest" name="login" time="94.030"/>
  <system-out/>
</testsuite> <!-- com.WMC.login.LoginTest -->
