<?xml version="1.0" encoding="UTF-8"?>
<!-- Generated by org.testng.reporters.JUnitReportReporter -->
<testsuite skipped="0" hostname="DESKTOP-5V9BS6T" name="com.WMC.testcasesCalender.DeleteCalender" tests="1" failures="0" timestamp="2023-03-13T12:32:52 BDT" time="9.278" errors="0">
  <testcase name="calenderDelete" time="9.278" classname="com.WMC.testcasesCalender.DeleteCalender"/>
  <system-out/>
</testsuite> <!-- com.WMC.testcasesCalender.DeleteCalender -->
