<?xml version="1.0" encoding="UTF-8"?>
<!-- Generated by org.testng.reporters.JUnitReportReporter -->
<testsuite skipped="0" hostname="DESKTOP-5V9BS6T" name="com.WMC.testcasesTASK.DeleteTask" tests="1" failures="0" timestamp="2023-03-06T15:23:44 BDT" time="15.278" errors="0">
  <testcase name="TaskDelete" time="15.278" classname="com.WMC.testcasesTASK.DeleteTask"/>
  <system-out/>
</testsuite> <!-- com.WMC.testcasesTASK.DeleteTask -->
