<?xml version="1.0" encoding="UTF-8"?>
<!-- Generated by org.testng.reporters.JUnitReportReporter -->
<testsuite skipped="0" hostname="DESKTOP-5V9BS6T" name="com.WMC.testcasesProject.AddProject" tests="1" failures="0" timestamp="2023-03-15T18:52:47 BDT" time="54.966" errors="0">
  <testcase name="goProjectPage" time="54.966" classname="com.WMC.testcasesProject.AddProject"/>
  <system-out/>
</testsuite> <!-- com.WMC.testcasesProject.AddProject -->
