<?xml version="1.0" encoding="UTF-8"?>
<!-- Generated by org.testng.reporters.JUnitReportReporter -->
<testsuite skipped="0" hostname="DESKTOP-5V9BS6T" name="com.WMC.testcasesTASK.UpdateTask" tests="1" failures="0" timestamp="2023-03-06T15:23:44 BDT" time="27.891" errors="0">
  <testcase name="taskUpdate" time="27.891" classname="com.WMC.testcasesTASK.UpdateTask"/>
  <system-out/>
</testsuite> <!-- com.WMC.testcasesTASK.UpdateTask -->
