<?xml version="1.0" encoding="UTF-8"?>
<!-- Generated by org.testng.reporters.JUnitReportReporter -->
<testsuite hostname="DESKTOP-5V9BS6T" failures="0" tests="1" name="com.WMC.testcasesMonitor.DeleteMonitor" time="11.316" errors="0" timestamp="2023-03-22T17:49:15 BDT" skipped="0">
  <testcase classname="com.WMC.testcasesMonitor.DeleteMonitor" name="monitorDelete" time="11.316"/>
  <system-out/>
</testsuite> <!-- com.WMC.testcasesMonitor.DeleteMonitor -->
