<?xml version="1.0" encoding="UTF-8"?>
<!-- Generated by org.testng.reporters.JUnitReportReporter -->
<testsuite skipped="0" hostname="DESKTOP-5V9BS6T" name="com.WMC.testcases.LoginTest" tests="1" failures="0" timestamp="2023-02-22T14:55:13 BDT" time="13.411" errors="0">
  <testcase name="login" time="13.411" classname="com.WMC.testcases.LoginTest"/>
  <system-out/>
</testsuite> <!-- com.WMC.testcases.LoginTest -->
