<?xml version="1.0" encoding="UTF-8"?>
<!-- Generated by org.testng.reporters.JUnitReportReporter -->
<testsuite skipped="1" hostname="DESKTOP-5V9BS6T" name="com.WMC.testcasesContact.AddContact" tests="1" failures="0" timestamp="2023-03-15T14:55:20 BDT" time="0.000" errors="0">
  <testcase name="goContactPage" time="0.000" classname="com.WMC.testcasesContact.AddContact">
    <skipped/>
  </testcase> <!-- goContactPage -->
  <system-out/>
</testsuite> <!-- com.WMC.testcasesContact.AddContact -->
