<?xml version="1.0" encoding="UTF-8"?>
<!-- Generated by org.testng.reporters.JUnitReportReporter -->
<testsuite skipped="0" hostname="DESKTOP-5V9BS6T" name="com.WMC.testcases.AddressBook" tests="1" failures="0" timestamp="2023-02-15T11:52:41 BDT" time="3.089" errors="0">
  <testcase name="goContactPage" time="3.089" classname="com.WMC.testcases.AddressBook"/>
  <system-out/>
</testsuite> <!-- com.WMC.testcases.AddressBook -->
