<?xml version="1.0" encoding="UTF-8"?>
<!-- Generated by org.testng.reporters.JUnitReportReporter -->
<testsuite skipped="0" hostname="DESKTOP-5V9BS6T" name="com.WMC.testcases.DeleteTask" tests="1" failures="0" timestamp="2023-02-22T14:55:13 BDT" time="20.366" errors="0">
  <testcase name="TaskDelete" time="20.366" classname="com.WMC.testcases.DeleteTask"/>
  <system-out/>
</testsuite> <!-- com.WMC.testcases.DeleteTask -->
