<?xml version="1.0" encoding="UTF-8"?>
<!-- Generated by org.testng.reporters.JUnitReportReporter -->
<testsuite skipped="0" hostname="DESKTOP-5V9BS6T" name="com.WMC.testcases.Task" tests="1" failures="0" timestamp="2023-02-15T15:26:30 BDT" time="29.957" errors="0">
  <testcase name="goContactPage" time="29.957" classname="com.WMC.testcases.Task"/>
  <system-out/>
</testsuite> <!-- com.WMC.testcases.Task -->
