<?xml version="1.0" encoding="UTF-8"?>
<!-- Generated by org.testng.reporters.JUnitReportReporter -->
<testsuite skipped="0" hostname="DESKTOP-5V9BS6T" name="com.WMC.testcasesCalender.UpdateCalender" tests="1" failures="0" timestamp="2023-03-13T12:32:52 BDT" time="26.798" errors="0">
  <testcase name="calenderUpdate" time="26.798" classname="com.WMC.testcasesCalender.UpdateCalender"/>
  <system-out/>
</testsuite> <!-- com.WMC.testcasesCalender.UpdateCalender -->
