<?xml version="1.0" encoding="UTF-8"?>
<!-- Generated by org.testng.reporters.JUnitReportReporter -->
<testsuite skipped="0" hostname="DESKTOP-5V9BS6T" name="com.WMC.TASKtestcases.UpdateTask" tests="1" failures="0" timestamp="2023-02-22T15:53:01 BDT" time="27.730" errors="0">
  <testcase name="taskUpdate" time="27.730" classname="com.WMC.TASKtestcases.UpdateTask"/>
  <system-out/>
</testsuite> <!-- com.WMC.TASKtestcases.UpdateTask -->
