<?xml version="1.0" encoding="UTF-8"?>
<!-- Generated by org.testng.reporters.JUnitReportReporter -->
<testsuite skipped="0" hostname="DESKTOP-5V9BS6T" name="com.WMC.testcasesTASK.AddTask" tests="1" failures="0" timestamp="2023-03-06T15:23:44 BDT" time="59.038" errors="0">
  <testcase name="goTaskPage" time="59.038" classname="com.WMC.testcasesTASK.AddTask"/>
  <system-out/>
</testsuite> <!-- com.WMC.testcasesTASK.AddTask -->
