<?xml version="1.0" encoding="UTF-8"?>
<!-- Generated by org.testng.reporters.JUnitReportReporter -->
<testsuite skipped="1" hostname="DESKTOP-5V9BS6T" name="com.WMC.testcasesContact.UpdateContact" tests="1" failures="0" timestamp="2023-03-15T14:55:20 BDT" time="0.001" errors="0">
  <testcase name="contactUpdate" time="0.001" classname="com.WMC.testcasesContact.UpdateContact">
    <skipped/>
  </testcase> <!-- contactUpdate -->
  <system-out/>
</testsuite> <!-- com.WMC.testcasesContact.UpdateContact -->
