<?xml version="1.0" encoding="UTF-8"?>
<!-- Generated by org.testng.reporters.JUnitReportReporter -->
<testsuite hostname="DESKTOP-5V9BS6T" failures="0" tests="1" name="com.WMC.testcasesMonitor.AddMonitor" time="51.550" errors="0" timestamp="2023-03-22T17:49:15 BDT" skipped="0">
  <testcase classname="com.WMC.testcasesMonitor.AddMonitor" name="goMonitorPage" time="51.550"/>
  <system-out/>
</testsuite> <!-- com.WMC.testcasesMonitor.AddMonitor -->
